【登录信息】
*76096b97a11da24418e1b57f7fbeb940*
`登陆天数: 502天 / 503天
等级: 132
石头: 3278
呼符: 254
体力: 893.75 / 138
友情点: 3286210 / 75710225`
*連続ログイン5日目
※ログインが途切れるか、7日到達すると
1日目から再開されます*
`叡智の業火 X 2
1月交換券(2024) X 1
`*2024年お正月キャンペーン 10万リポスト達成プレゼント*
*開催期間中、初回ログインでお正月限定概念礼装&2024万QPをプレゼント！*
`ドラゴン・ダンス X 1
QP X 20240000
`_2024-01-03 19:30:47_
--------
*62a92a1ec664b77941d3d350702a62b3*
`登陆天数: 2天 / 742天
等级: 9
石头: 606
呼符: 15
体力: 63.82333333333333 / 28
友情点: 0 / 75260`
*連続ログイン2日目
※ログインが途切れるか、7日到達すると
1日目から再開されます*
`聖晶石 X 1
1月交換券(2024) X 1
`*2024年お正月キャンペーン 10万リポスト達成プレゼント*
*開催期間中、初回ログインでお正月限定概念礼装&2024万QPをプレゼント！*
`ドラゴン・ダンス X 1
QP X 20240000
`_2024-01-03 19:30:56_
--------
