【登录信息】
*76096b97a11da24418e1b57f7fbeb940*
`登陆天数: 509天 / 510天
等级: 132
石头: 3362
呼符: 275
体力: 989.6566666666666 / 138
友情点: 80 / 92700760`
*連続ログイン5日目
※ログインが途切れるか、7日到達すると
1日目から再開されます*
`叡智の業火 X 2
1月交換券(2024) X 1
`*「FGO カルデア・サテライトステーション 2023-2024」宮崎会場開催直前 ログインボーナス*
*開催期間中、1日1回 最大3回 ログインボーナスをプレゼント！*
`黄金の果実 X 1
`_2024-01-10 19:30:45_
--------
*76096b97a11da24418e1b57f7fbeb940*
`登陆天数: 9天 / 749天
等级: 92
石头: 412
呼符: 16
体力: 424.48 / 117
友情点: 3472120 / 14360395`
*連続ログイン2日目
※ログインが途切れるか、7日到達すると
1日目から再開されます*
`聖晶石 X 1
1月交換券(2024) X 1
`*「FGO カルデア・サテライトステーション 2023-2024」宮崎会場開催直前 ログインボーナス*
*開催期間中、1日1回 最大3回 ログインボーナスをプレゼント！*
`黄金の果実 X 1
`_2024-01-10 19:30:54_
--------
