【登录信息】
*76096b97a11da24418e1b57f7fbeb940*
`登陆天数: 510天 / 511天
等级: 132
石头: 3362
呼符: 275
体力: 1277.6066666666666 / 138
友情点: 80 / 92700840`
*連続ログイン6日目
※ログインが途切れるか、7日到達すると
1日目から再開されます*
`聖晶石 X 2
1月交換券(2024) X 1
`*「FGO カルデア・サテライトステーション 2023-2024」宮崎会場開催直前 ログインボーナス*
*開催期間中、1日1回 最大3回 ログインボーナスをプレゼント！*
`黄金の果実 X 1
`_2024-01-11 19:30:30_
--------
*76096b97a11da24418e1b57f7fbeb940*
`登陆天数: 10天 / 750天
等级: 92
石头: 420
呼符: 16
体力: 712.43 / 117
友情点: 7614260 / 23410720`
*連続ログイン3日目
※ログインが途切れるか、7日到達すると
1日目から再開されます*
`叡智の業火 X 1
1月交換券(2024) X 1
`*「FGO カルデア・サテライトステーション 2023-2024」宮崎会場開催直前 ログインボーナス*
*開催期間中、1日1回 最大3回 ログインボーナスをプレゼント！*
`黄金の果実 X 1
`_2024-01-11 19:30:39_
--------
