【登录信息】
*76096b97a11da24418e1b57f7fbeb940*
`登陆天数: 511天 / 512天
等级: 132
石头: 3362
呼符: 275
体力: 1565.67 / 138
友情点: 30 / 92700870`
*連続ログイン7日間到達おめでとうございます！
明日は1日目からリスタートされます。*
`獣の足跡 X 1
呼符 X 1
1月交換券(2024) X 1
`*「FGO カルデア・サテライトステーション 2023-2024」宮崎会場開催直前 ログインボーナス*
*開催期間中、1日1回 最大3回 ログインボーナスをプレゼント！*
`黄金の果実 X 1
`_2024-01-12 19:30:49_
--------
*76096b97a11da24418e1b57f7fbeb940*
`登陆天数: 11天 / 751天
等级: 93
石头: 455
呼符: 15
体力: 257.4766666666667 / 118
友情点: 2914470 / 30092450`
*連続ログイン4日目
※ログインが途切れるか、7日到達すると
1日目から再開されます*
`聖晶石 X 1
1月交換券(2024) X 1
`*「FGO カルデア・サテライトステーション 2023-2024」宮崎会場開催直前 ログインボーナス*
*開催期間中、1日1回 最大3回 ログインボーナスをプレゼント！*
`黄金の果実 X 1
`_2024-01-12 19:30:57_
--------
