【登录信息】
*76096b97a11da24418e1b57f7fbeb940*
`登陆天数: 512天 / 513天
等级: 132
石头: 3362
呼符: 275
体力: 1853.6233333333332 / 138
友情点: 40 / 92700910`
*連続ログイン1日目
※ログインが途切れるか、7日到達すると
1日目から再開されます*
`フレンドポイント X 2000
1月交換券(2024) X 1
`*「FGO カルデア・サテライトステーション 2023-2024」宮崎会場開催記念 3万リポスト達成プレゼント*
*開催期間中、初回ログインで「聖晶石×6」をプレゼント！*
`聖晶石 X 6
`_2024-01-13 19:30:35_
--------
*76096b97a11da24418e1b57f7fbeb940*
`登陆天数: 12天 / 752天
等级: 99
石头: 463
呼符: 15
体力: 236.62333333333333 / 124
友情点: 3638600 / 38331380`
*連続ログイン5日目
※ログインが途切れるか、7日到達すると
1日目から再開されます*
`叡智の業火 X 2
1月交換券(2024) X 1
`*「FGO カルデア・サテライトステーション 2023-2024」宮崎会場開催記念 3万リポスト達成プレゼント*
*開催期間中、初回ログインで「聖晶石×6」をプレゼント！*
`聖晶石 X 6
`_2024-01-13 19:30:43_
--------
