【登录信息】
*76096b97a11da24418e1b57f7fbeb940*
`登陆天数: 513天 / 514天
等级: 132
石头: 3362
呼符: 275
体力: 2141.63 / 138
友情点: 10 / 92700920`
*連続ログイン2日目
※ログインが途切れるか、7日到達すると
1日目から再開されます*
`聖晶石 X 1
1月交換券(2024) X 1
`*Fate/Samurai Remnant×Fate/Grand Order
コラボレーションイベント
開幕直前特別ログインボーナス*
*開催期間中、1日1回 最大7回ログインボーナスをプレゼント！*
`聖晶石 X 1
`_2024-01-14 19:30:36_
--------
*76096b97a11da24418e1b57f7fbeb940*
`登陆天数: 13天 / 753天
等级: 102
石头: 485
呼符: 15
体力: 178.34333333333333 / 126
友情点: 1196120 / 47939090`
*連続ログイン6日目
※ログインが途切れるか、7日到達すると
1日目から再開されます*
`聖晶石 X 2
1月交換券(2024) X 1
`*Fate/Samurai Remnant×Fate/Grand Order
コラボレーションイベント
開幕直前特別ログインボーナス*
*開催期間中、1日1回 最大7回ログインボーナスをプレゼント！*
`聖晶石 X 1
`_2024-01-14 19:30:45_
--------
