【登录信息】
*76096b97a11da24418e1b57f7fbeb940*
`登陆天数: 514天 / 515天
等级: 132
石头: 3362
呼符: 275
体力: 2429.6666666666665 / 138
友情点: 90 / 92701010`
*連続ログイン3日目
※ログインが途切れるか、7日到達すると
1日目から再開されます*
`叡智の業火 X 1
1月交換券(2024) X 1
`*Fate/Samurai Remnant×Fate/Grand Order
コラボレーションイベント
開幕直前特別ログインボーナス*
*開催期間中、1日1回 最大7回ログインボーナスをプレゼント！*
`QP X 2000000
聖晶石 X 1
`_2024-01-15 19:30:48_
--------
*76096b97a11da24418e1b57f7fbeb940*
`登陆天数: 14天 / 754天
等级: 104
石头: 517
呼符: 15
体力: 205.72 / 127
友情点: 3047740 / 52841390`
*連続ログイン7日間到達おめでとうございます！
明日は1日目からリスタートされます。*
`獣の足跡 X 1
呼符 X 1
1月交換券(2024) X 1
`*Fate/Samurai Remnant×Fate/Grand Order
コラボレーションイベント
開幕直前特別ログインボーナス*
*開催期間中、1日1回 最大7回ログインボーナスをプレゼント！*
`QP X 2000000
聖晶石 X 1
`_2024-01-15 19:30:57_
--------
