【登录信息】
*76096b97a11da24418e1b57f7fbeb940*
`登陆天数: 515天 / 516天
等级: 132
石头: 3362
呼符: 275
体力: 2717.64 / 138
友情点: 40 / 92701050`
*連続ログイン4日目
※ログインが途切れるか、7日到達すると
1日目から再開されます*
`聖晶石 X 1
1月交換券(2024) X 1
`*Fate/Samurai Remnant×Fate/Grand Order
コラボレーションイベント
開幕直前特別ログインボーナス*
*開催期間中、1日1回 最大7回ログインボーナスをプレゼント！*
`聖晶石 X 1
白銀の果実 X 1
`_2024-01-16 19:30:40_
--------
*76096b97a11da24418e1b57f7fbeb940*
`登陆天数: 15天 / 755天
等级: 104
石头: 518
呼符: 16
体力: 493.69666666666666 / 127
友情点: 6463710 / 54713200`
*連続ログイン1日目
※ログインが途切れるか、7日到達すると
1日目から再開されます*
`フレンドポイント X 2000
1月交換券(2024) X 1
`*Fate/Samurai Remnant×Fate/Grand Order
コラボレーションイベント
開幕直前特別ログインボーナス*
*開催期間中、1日1回 最大7回ログインボーナスをプレゼント！*
`聖晶石 X 1
白銀の果実 X 1
`_2024-01-16 19:30:49_
--------
