【登录信息】
*76096b97a11da24418e1b57f7fbeb940*
`登陆天数: 516天 / 517天
等级: 132
石头: 3362
呼符: 275
体力: 3190.41 / 138
友情点: 100 / 92701150`
*連続ログイン5日目
※ログインが途切れるか、7日到達すると
1日目から再開されます*
`叡智の業火 X 2
1月交換券(2024) X 1
`*Fate/Samurai Remnant×Fate/Grand Order
コラボレーションイベント
開幕直前特別ログインボーナス*
*開催期間中、1日1回 最大7回ログインボーナスをプレゼント！*
`英霊結晶・星のフォウくん X 5
聖晶石 X 1
`_2024-01-18 10:54:31_
--------
*76096b97a11da24418e1b57f7fbeb940*
`登陆天数: 16天 / 756天
等级: 104
石头: 519
呼符: 16
体力: 966.46 / 127
友情点: 19810 / 65139560`
_2024-01-18 10:54:39_
--------
