【登录信息】
*76096b97a11da24418e1b57f7fbeb940*
`登陆天数: 517天 / 518天
等级: 132
石头: 3362
呼符: 275
体力: 3293.5933333333332 / 138
友情点: 0 / 92701150`
*連続ログイン6日目
※ログインが途切れるか、7日到達すると
1日目から再開されます*
`聖晶石 X 2
1月交換券(2024) X 1
`*Fate/Samurai Remnant×Fate/Grand Order
コラボレーションイベント
開幕直前特別ログインボーナス*
*開催期間中、1日1回 最大7回ログインボーナスをプレゼント！*
`英霊結晶・太陽のフォウくん X 5
聖晶石 X 1
`_2024-01-18 19:30:26_
--------
*76096b97a11da24418e1b57f7fbeb940*
`登陆天数: 17天 / 757天
等级: 105
石头: 526
呼符: 23
体力: 206.6 / 128
友情点: 3464770 / 68604900`
*連続ログイン3日目
※ログインが途切れるか、7日到達すると
1日目から再開されます*
`叡智の業火 X 1
1月交換券(2024) X 1
`*Fate/Samurai Remnant×Fate/Grand Order
コラボレーションイベント
開幕直前特別ログインボーナス*
*開催期間中、1日1回 最大7回ログインボーナスをプレゼント！*
`英霊結晶・太陽のフォウくん X 5
聖晶石 X 1
`_2024-01-18 19:30:35_
--------
