【登录信息】
*76096b97a11da24418e1b57f7fbeb940*
`登陆天数: 518天 / 519天
等级: 132
石头: 3362
呼符: 275
体力: 3581.6766666666667 / 138
友情点: 40 / 92701190`
*連続ログイン7日間到達おめでとうございます！
明日は1日目からリスタートされます。*
`獣の足跡 X 1
呼符 X 1
1月交換券(2024) X 1
`*Fate/Samurai Remnant×Fate/Grand Order
コラボレーションイベント
開幕直前特別ログインボーナス*
*開催期間中、1日1回 最大7回ログインボーナスをプレゼント！*
`聖晶石 X 1
マナプリズム X 50
`_2024-01-19 19:30:50_
--------
*76096b97a11da24418e1b57f7fbeb940*
`登陆天数: 18天 / 758天
等级: 105
石头: 540
呼符: 29
体力: 494.68 / 128
友情点: 4004290 / 76385920`
*連続ログイン4日目
※ログインが途切れるか、7日到達すると
1日目から再開されます*
`聖晶石 X 1
1月交換券(2024) X 1
`*Fate/Samurai Remnant×Fate/Grand Order
コラボレーションイベント
開幕直前特別ログインボーナス*
*開催期間中、1日1回 最大7回ログインボーナスをプレゼント！*
`聖晶石 X 1
マナプリズム X 50
`_2024-01-19 19:30:59_
--------
