【登录信息】
*76096b97a11da24418e1b57f7fbeb940*
`登陆天数: 519天 / 520天
等级: 132
石头: 3362
呼符: 275
体力: 3869.6566666666668 / 138
友情点: 50 / 92701240`
*連続ログイン1日目
※ログインが途切れるか、7日到達すると
1日目から再開されます*
`フレンドポイント X 2000
1月交換券(2024) X 1
`*盈月剣風帖開幕記念 ログインボーナス*
*開催期間中、1日1回 最大21回ログインボーナスをプレゼント！*
`白銀の果実 X 1
`_2024-01-20 19:30:45_
--------
*76096b97a11da24418e1b57f7fbeb940*
`登陆天数: 19天 / 759天
等级: 105
石头: 540
呼符: 29
体力: 782.66 / 128
友情点: 8943900 / 85329820`
*連続ログイン5日目
※ログインが途切れるか、7日到達すると
1日目から再開されます*
`叡智の業火 X 2
1月交換券(2024) X 1
`*盈月剣風帖開幕記念 ログインボーナス*
*開催期間中、1日1回 最大21回ログインボーナスをプレゼント！*
`白銀の果実 X 1
`_2024-01-20 19:30:53_
--------
