【登录信息】
*76096b97a11da24418e1b57f7fbeb940*
`登陆天数: 520天 / 521天
等级: 132
石头: 3362
呼符: 275
体力: 4157.62 / 138
友情点: 30 / 92701270`
*連続ログイン2日目
※ログインが途切れるか、7日到達すると
1日目から再開されます*
`聖晶石 X 1
1月交換券(2024) X 1
`*盈月剣風帖開幕記念 ログインボーナス*
*開催期間中、1日1回 最大21回ログインボーナスをプレゼント！*
`白銀の果実 X 1
`_2024-01-21 19:30:34_
--------
*76096b97a11da24418e1b57f7fbeb940*
`登陆天数: 20天 / 760天
等级: 105
石头: 540
呼符: 29
体力: 1070.6233333333334 / 128
友情点: 3841280 / 89171100`
*連続ログイン6日目
※ログインが途切れるか、7日到達すると
1日目から再開されます*
`聖晶石 X 2
1月交換券(2024) X 1
`*盈月剣風帖開幕記念 ログインボーナス*
*開催期間中、1日1回 最大21回ログインボーナスをプレゼント！*
`白銀の果実 X 1
`_2024-01-21 19:30:42_
--------
