【登录信息】
*76096b97a11da24418e1b57f7fbeb940*
`登陆天数: 521天 / 522天
等级: 132
石头: 3362
呼符: 275
体力: 4445.666666666667 / 138
友情点: 50 / 92701320`
*連続ログイン3日目
※ログインが途切れるか、7日到達すると
1日目から再開されます*
`叡智の業火 X 1
1月交換券(2024) X 1
`*リリース3100日突破キャンペーン 初回ログインボーナス*
*開催期間中、初回ログインで「聖晶石×10」をプレゼント！*
`聖晶石 X 10
`_2024-01-22 19:30:48_
--------
*76096b97a11da24418e1b57f7fbeb940*
`登陆天数: 21天 / 761天
等级: 105
石头: 540
呼符: 29
体力: 1358.67 / 128
友情点: 190 / 89171290`
*連続ログイン7日間到達おめでとうございます！
明日は1日目からリスタートされます。*
`獣の足跡 X 1
呼符 X 1
1月交換券(2024) X 1
`*リリース3100日突破キャンペーン 初回ログインボーナス*
*開催期間中、初回ログインで「聖晶石×10」をプレゼント！*
`聖晶石 X 10
`_2024-01-22 19:30:57_
--------
