【登录信息】
*76096b97a11da24418e1b57f7fbeb940*
`登陆天数: 522天 / 523天
等级: 132
石头: 3362
呼符: 275
体力: 4733.683333333333 / 138
友情点: 40 / 92701360`
*連続ログイン4日目
※ログインが途切れるか、7日到達すると
1日目から再開されます*
`聖晶石 X 1
1月交換券(2024) X 1
`*盈月剣風帖開幕記念 ログインボーナス*
*開催期間中、1日1回 最大21回ログインボーナスをプレゼント！*
`白銀の果実 X 1
`_2024-01-23 19:30:53_
--------
*76096b97a11da24418e1b57f7fbeb940*
`登陆天数: 22天 / 762天
等级: 105
石头: 558
呼符: 30
体力: 1646.6866666666667 / 128
友情点: 110 / 89171920`
*連続ログイン1日目
※ログインが途切れるか、7日到達すると
1日目から再開されます*
`フレンドポイント X 2000
1月交換券(2024) X 1
`*盈月剣風帖開幕記念 ログインボーナス*
*開催期間中、1日1回 最大21回ログインボーナスをプレゼント！*
`黄金の果実 X 1
`_2024-01-23 19:31:01_
--------
