【登录信息】
*76096b97a11da24418e1b57f7fbeb940*
`登陆天数: 523天 / 524天
等级: 132
石头: 3362
呼符: 275
体力: 5021.7 / 138
友情点: 110 / 92701470`
*連続ログイン5日目
※ログインが途切れるか、7日到達すると
1日目から再開されます*
`叡智の業火 X 2
1月交換券(2024) X 1
`*盈月剣風帖開幕記念 ログインボーナス*
*開催期間中、1日1回 最大21回ログインボーナスをプレゼント！*
`黄金の果実 X 1
`_2024-01-24 19:30:58_
--------
*76096b97a11da24418e1b57f7fbeb940*
`登陆天数: 23天 / 763天
等级: 105
石头: 410
呼符: 30
体力: 1934.7033333333334 / 128
友情点: 30 / 89022320`
*連続ログイン2日目
※ログインが途切れるか、7日到達すると
1日目から再開されます*
`聖晶石 X 1
1月交換券(2024) X 1
`*盈月剣風帖開幕記念 ログインボーナス*
*開催期間中、1日1回 最大21回ログインボーナスをプレゼント！*
`白銀の果実 X 1
`_2024-01-24 19:31:06_
--------
