【登录信息】
*76096b97a11da24418e1b57f7fbeb940*
`登陆天数: 524天 / 525天
等级: 132
石头: 3362
呼符: 275
体力: 5309.636666666666 / 138
友情点: 20 / 92701490`
*連続ログイン6日目
※ログインが途切れるか、7日到達すると
1日目から再開されます*
`聖晶石 X 2
1月交換券(2024) X 1
`*盈月剣風帖開幕記念 ログインボーナス*
*開催期間中、1日1回 最大21回ログインボーナスをプレゼント！*
`白銀の果実 X 1
`_2024-01-25 19:30:39_
--------
*76096b97a11da24418e1b57f7fbeb940*
`登陆天数: 24天 / 764天
等级: 105
石头: 322
呼符: 30
体力: 2222.64 / 128
友情点: 260 / 88970870`
*連続ログイン3日目
※ログインが途切れるか、7日到達すると
1日目から再開されます*
`叡智の業火 X 1
1月交換券(2024) X 1
`*盈月剣風帖開幕記念 ログインボーナス*
*開催期間中、1日1回 最大21回ログインボーナスをプレゼント！*
`白銀の果実 X 1
`_2024-01-25 19:30:47_
--------
