【登录信息】
*76096b97a11da24418e1b57f7fbeb940*
`登陆天数: 525天 / 526天
等级: 132
石头: 3362
呼符: 275
体力: 5597.616666666667 / 138
友情点: 70 / 92701560`
*連続ログイン7日間到達おめでとうございます！
明日は1日目からリスタートされます。*
`獣の足跡 X 1
呼符 X 1
1月交換券(2024) X 1
`*盈月剣風帖開幕記念 ログインボーナス*
*開催期間中、1日1回 最大21回ログインボーナスをプレゼント！*
`白銀の果実 X 1
`_2024-01-26 19:30:33_
--------
*76096b97a11da24418e1b57f7fbeb940*
`登陆天数: 25天 / 765天
等级: 105
石头: 322
呼符: 30
体力: 2510.62 / 128
友情点: 210 / 88971080`
*連続ログイン4日目
※ログインが途切れるか、7日到達すると
1日目から再開されます*
`聖晶石 X 1
1月交換券(2024) X 1
`*盈月剣風帖開幕記念 ログインボーナス*
*開催期間中、1日1回 最大21回ログインボーナスをプレゼント！*
`白銀の果実 X 1
`_2024-01-26 19:30:41_
--------
