【登录信息】
*76096b97a11da24418e1b57f7fbeb940*
`登陆天数: 526天 / 527天
等级: 132
石头: 3362
呼符: 275
体力: 5885.626666666667 / 138
友情点: 60 / 92701620`
*連続ログイン1日目
※ログインが途切れるか、7日到達すると
1日目から再開されます*
`フレンドポイント X 2000
1月交換券(2024) X 1
`*盈月剣風帖開幕記念 ログインボーナス*
*開催期間中、1日1回 最大21回ログインボーナスをプレゼント！*
`白銀の果実 X 1
`_2024-01-27 19:30:36_
--------
*76096b97a11da24418e1b57f7fbeb940*
`登陆天数: 26天 / 766天
等级: 105
石头: 322
呼符: 30
体力: 2798.63 / 128
友情点: 120 / 88971200`
*連続ログイン5日目
※ログインが途切れるか、7日到達すると
1日目から再開されます*
`叡智の業火 X 2
1月交換券(2024) X 1
`*盈月剣風帖開幕記念 ログインボーナス*
*開催期間中、1日1回 最大21回ログインボーナスをプレゼント！*
`白銀の果実 X 1
`_2024-01-27 19:30:44_
--------
