【登录信息】
*76096b97a11da24418e1b57f7fbeb940*
`登陆天数: 527天 / 528天
等级: 132
石头: 3362
呼符: 275
体力: 6173.6033333333335 / 138
友情点: 120 / 92701740`
*連続ログイン2日目
※ログインが途切れるか、7日到達すると
1日目から再開されます*
`聖晶石 X 1
1月交換券(2024) X 1
`*盈月剣風帖開幕記念 ログインボーナス*
*開催期間中、1日1回 最大21回ログインボーナスをプレゼント！*
`白銀の果実 X 1
`_2024-01-28 19:30:29_
--------
*76096b97a11da24418e1b57f7fbeb940*
`登陆天数: 27天 / 767天
等级: 105
石头: 322
呼符: 30
体力: 3086.6066666666666 / 128
友情点: 280 / 88971480`
*連続ログイン6日目
※ログインが途切れるか、7日到達すると
1日目から再開されます*
`聖晶石 X 2
1月交換券(2024) X 1
`*盈月剣風帖開幕記念 ログインボーナス*
*開催期間中、1日1回 最大21回ログインボーナスをプレゼント！*
`白銀の果実 X 1
`_2024-01-28 19:30:37_
--------
