【登录信息】
*76096b97a11da24418e1b57f7fbeb940*
`登陆天数: 528天 / 529天
等级: 132
石头: 3362
呼符: 275
体力: 6461.643333333333 / 138
友情点: 50 / 92701790`
*連続ログイン3日目
※ログインが途切れるか、7日到達すると
1日目から再開されます*
`叡智の業火 X 1
1月交換券(2024) X 1
`*盈月剣風帖開幕記念 ログインボーナス*
*開催期間中、1日1回 最大21回ログインボーナスをプレゼント！*
`白銀の果実 X 1
`_2024-01-29 19:30:41_
--------
*76096b97a11da24418e1b57f7fbeb940*
`登陆天数: 28天 / 768天
等级: 105
石头: 329
呼符: 31
体力: 3374.6466666666665 / 128
友情点: 130 / 88972615`
*連続ログイン7日間到達おめでとうございます！
明日は1日目からリスタートされます。*
`獣の足跡 X 1
呼符 X 1
1月交換券(2024) X 1
`*盈月剣風帖開幕記念 ログインボーナス*
*開催期間中、1日1回 最大21回ログインボーナスをプレゼント！*
`白銀の果実 X 1
`_2024-01-29 19:30:50_
--------
