【登录信息】
*76096b97a11da24418e1b57f7fbeb940*
`登陆天数: 529天 / 530天
等级: 132
石头: 3362
呼符: 275
体力: 6749.676666666666 / 138
友情点: 90 / 92701880`
*連続ログイン4日目
※ログインが途切れるか、7日到達すると
1日目から再開されます*
`聖晶石 X 1
1月交換券(2024) X 1
`*「Fate/stay night」20周年記念
「Fate/stay night」サーヴァント特別召喚アイテムプレゼント*
*開催期間中、初回ログインで「Fate/stay night 20th記念特別交換チケット」をプレゼント！*
`Fate/stay night 20th記念特別交換チケット X 1
`_2024-01-30 19:30:50_
--------
*76096b97a11da24418e1b57f7fbeb940*
`登陆天数: 29天 / 769天
等级: 105
石头: 14
呼符: 32
体力: 3662.68 / 128
友情点: 50 / 88857625`
*連続ログイン1日目
※ログインが途切れるか、7日到達すると
1日目から再開されます*
`フレンドポイント X 2000
1月交換券(2024) X 1
`*「Fate/stay night」20周年記念特別ログインボーナス*
*開催期間中、1日1回 最大7回ログインボーナスをプレゼント！*
`叡智の猛火 X 20
`_2024-01-30 19:30:59_
--------
