【登录信息】
*76096b97a11da24418e1b57f7fbeb940*
`登陆天数: 530天 / 531天
等级: 132
石头: 3362
呼符: 275
体力: 7037.64 / 138
友情点: 120 / 92702000`
*連続ログイン5日目
※ログインが途切れるか、7日到達すると
1日目から再開されます*
`叡智の業火 X 2
2月交換券(2024) X 1
`*「Fate/stay night」20周年記念
7万リポスト達成プレゼント*
*開催期間中、初回ログインで「聖晶石×20」をプレゼント！*
`聖晶石 X 20
`_2024-01-31 19:30:40_
--------
*76096b97a11da24418e1b57f7fbeb940*
`登陆天数: 30天 / 770天
等级: 105
石头: 17
呼符: 33
体力: 3950.6433333333334 / 128
友情点: 60 / 88860385`
*連続ログイン2日目
※ログインが途切れるか、7日到達すると
1日目から再開されます*
`聖晶石 X 1
2月交換券(2024) X 1
`*「Fate/stay night」20周年記念
7万リポスト達成プレゼント*
*開催期間中、初回ログインで「聖晶石×20」をプレゼント！*
`聖晶石 X 20
`_2024-01-31 19:30:48_
--------
