【登录信息】
*76096b97a11da24418e1b57f7fbeb940*
`登陆天数: 531天 / 532天
等级: 132
石头: 3362
呼符: 275
体力: 7325.666666666667 / 138
友情点: 30 / 92702030`
*連続ログイン6日目
※ログインが途切れるか、7日到達すると
1日目から再開されます*
`聖晶石 X 2
2月交換券(2024) X 1
`*日替りログインボーナス*
*開催期間中、1日1回 2週間日替りでログインボーナスをプレゼント！*
`聖晶石 X 1
巡霊の葉 X 50
`_2024-02-01 19:30:48_
--------
*76096b97a11da24418e1b57f7fbeb940*
`登陆天数: 31天 / 771天
等级: 106
石头: 41
呼符: 38
体力: 263.68 / 128
友情点: 90 / 88859320`
*連続ログイン3日目
※ログインが途切れるか、7日到達すると
1日目から再開されます*
`叡智の業火 X 1
2月交換券(2024) X 1
`*日替りログインボーナス*
*開催期間中、1日1回 2週間日替りでログインボーナスをプレゼント！*
`聖晶石 X 1
巡霊の葉 X 50
`_2024-02-01 19:30:56_
--------
