【登录信息】
*76096b97a11da24418e1b57f7fbeb940*
`登陆天数: 532天 / 533天
等级: 132
石头: 3362
呼符: 275
体力: 7613.636666666666 / 138
友情点: 50 / 92702080`
*連続ログイン7日間到達おめでとうございます！
明日は1日目からリスタートされます。*
`獣の足跡 X 1
呼符 X 1
2月交換券(2024) X 1
`*日替りログインボーナス*
*開催期間中、1日1回 2週間日替りでログインボーナスをプレゼント！*
`巡霊の葉 X 30
`_2024-02-02 19:30:38_
--------
*76096b97a11da24418e1b57f7fbeb940*
`登陆天数: 32天 / 772天
等级: 107
石头: 70
呼符: 39
体力: 207.89333333333332 / 129
友情点: 70 / 88860080`
*連続ログイン4日目
※ログインが途切れるか、7日到達すると
1日目から再開されます*
`聖晶石 X 1
2月交換券(2024) X 1
`*日替りログインボーナス*
*開催期間中、1日1回 2週間日替りでログインボーナスをプレゼント！*
`巡霊の葉 X 30
`_2024-02-02 19:30:47_
--------
