【登录信息】
*76096b97a11da24418e1b57f7fbeb940*
`登陆天数: 533天 / 534天
等级: 132
石头: 3362
呼符: 275
体力: 7901.663333333333 / 138
友情点: 70 / 92702150`
*連続ログイン1日目
※ログインが途切れるか、7日到達すると
1日目から再開されます*
`フレンドポイント X 2000
2月交換券(2024) X 1
`*日替りログインボーナス*
*開催期間中、1日1回 2週間日替りでログインボーナスをプレゼント！*
`巡霊の葉 X 30
`_2024-02-03 19:30:47_
--------
*76096b97a11da24418e1b57f7fbeb940*
`登陆天数: 33天 / 773天
等级: 108
石头: 70
呼符: 39
体力: 178.10333333333332 / 129
友情点: 110 / 88861010`
*連続ログイン5日目
※ログインが途切れるか、7日到達すると
1日目から再開されます*
`叡智の業火 X 2
2月交換券(2024) X 1
`*日替りログインボーナス*
*開催期間中、1日1回 2週間日替りでログインボーナスをプレゼント！*
`巡霊の葉 X 30
`_2024-02-03 19:30:55_
--------
