【登录信息】
*76096b97a11da24418e1b57f7fbeb940*
`登陆天数: 534天 / 535天
等级: 132
石头: 3432
呼符: 284
体力: 144.50333333333333 / 138
友情点: 0 / 89832440`
*連続ログイン2日目
※ログインが途切れるか、7日到達すると
1日目から再開されます*
`聖晶石 X 1
2月交換券(2024) X 1
`*日替りログインボーナス*
*開催期間中、1日1回 2週間日替りでログインボーナスをプレゼント！*
`聖晶石 X 1
巡霊の葉 X 80
`_2024-02-04 19:30:38_
--------
*76096b97a11da24418e1b57f7fbeb940*
`登陆天数: 34天 / 774天
等级: 108
石头: 80
呼符: 39
体力: 466.0733333333333 / 129
友情点: 70 / 88861425`
*連続ログイン6日目
※ログインが途切れるか、7日到達すると
1日目から再開されます*
`聖晶石 X 2
2月交換券(2024) X 1
`*日替りログインボーナス*
*開催期間中、1日1回 2週間日替りでログインボーナスをプレゼント！*
`聖晶石 X 1
巡霊の葉 X 80
`_2024-02-04 19:30:46_
--------
