【登录信息】
*76096b97a11da24418e1b57f7fbeb940*
`登陆天数: 535天 / 536天
等级: 133
石头: 3502
呼符: 286
体力: 76.71666666666667 / 139
友情点: 0 / 89840240`
*連続ログイン3日目
※ログインが途切れるか、7日到達すると
1日目から再開されます*
`叡智の業火 X 1
2月交換券(2024) X 1
`*「Fate/stay night」20周年記念特別ログインボーナス*
*開催期間中、1日1回 最大7回ログインボーナスをプレゼント！*
`聖晶石 X 20
`_2024-02-05 19:30:50_
--------
*76096b97a11da24418e1b57f7fbeb940*
`登陆天数: 35天 / 775天
等级: 108
石头: 141
呼符: 39
体力: 754.11 / 129
友情点: 100 / 88858065`
*連続ログイン7日間到達おめでとうございます！
明日は1日目からリスタートされます。*
`獣の足跡 X 1
呼符 X 1
2月交換券(2024) X 1
`*日替りログインボーナス*
*開催期間中、1日1回 2週間日替りでログインボーナスをプレゼント！*
`巡霊の葉 X 30
`_2024-02-05 19:30:58_
--------
