【登录信息】
*76096b97a11da24418e1b57f7fbeb940*
`登陆天数: 536天 / 537天
等级: 133
石头: 3502
呼符: 286
体力: 364.68333333333334 / 139
友情点: 100 / 89840340`
*連続ログイン4日目
※ログインが途切れるか、7日到達すると
1日目から再開されます*
`聖晶石 X 1
2月交換券(2024) X 1
`*盈月剣風帖開幕記念 ログインボーナス*
*開催期間中、1日1回 最大21回ログインボーナスをプレゼント！*
`白銀の果実 X 1
`_2024-02-06 19:30:40_
--------
*76096b97a11da24418e1b57f7fbeb940*
`登陆天数: 36天 / 776天
等级: 108
石头: 141
呼符: 39
体力: 1042.0766666666668 / 129
友情点: 40 / 88858105`
*連続ログイン1日目
※ログインが途切れるか、7日到達すると
1日目から再開されます*
`フレンドポイント X 2000
2月交換券(2024) X 1
`*日替りログインボーナス*
*開催期間中、1日1回 2週間日替りでログインボーナスをプレゼント！*
`巡霊の葉 X 30
`_2024-02-06 19:30:48_
--------
