【登录信息】
*76096b97a11da24418e1b57f7fbeb940*
`登陆天数: 538天 / 539天
等级: 133
石头: 3502
呼符: 286
体力: 940.6766666666666 / 139
友情点: 90 / 89840520`
*連続ログイン6日目
※ログインが途切れるか、7日到達すると
1日目から再開されます*
`聖晶石 X 2
2月交換券(2024) X 1
`*日替りログインボーナス*
*開催期間中、1日1回 2週間日替りでログインボーナスをプレゼント！*
`聖晶石 X 1
巡霊の葉 X 50
`_2024-02-08 19:30:37_
--------
*76096b97a11da24418e1b57f7fbeb940*
`登陆天数: 38天 / 778天
等级: 108
石头: 141
呼符: 39
体力: 1618.07 / 129
友情点: 210 / 88858535`
*連続ログイン3日目
※ログインが途切れるか、7日到達すると
1日目から再開されます*
`叡智の業火 X 1
2月交換券(2024) X 1
`*日替りログインボーナス*
*開催期間中、1日1回 2週間日替りでログインボーナスをプレゼント！*
`聖晶石 X 1
巡霊の葉 X 50
`_2024-02-08 19:30:45_
--------
