【登录信息】
*76096b97a11da24418e1b57f7fbeb940*
`登陆天数: 540天 / 541天
等级: 133
石头: 3502
呼符: 286
体力: 1516.6766666666667 / 139
友情点: 50 / 89840670`
*連続ログイン1日目
※ログインが途切れるか、7日到達すると
1日目から再開されます*
`フレンドポイント X 2000
2月交換券(2024) X 1
`*日替りログインボーナス*
*開催期間中、1日1回 2週間日替りでログインボーナスをプレゼント！*
`巡霊の葉 X 30
`_2024-02-10 19:30:37_
--------
*76096b97a11da24418e1b57f7fbeb940*
`登陆天数: 40天 / 780天
等级: 108
石头: 141
呼符: 39
体力: 2194.07 / 129
友情点: 140 / 88859085`
*連続ログイン5日目
※ログインが途切れるか、7日到達すると
1日目から再開されます*
`叡智の業火 X 2
2月交換券(2024) X 1
`*日替りログインボーナス*
*開催期間中、1日1回 2週間日替りでログインボーナスをプレゼント！*
`巡霊の葉 X 30
`_2024-02-10 19:30:45_
--------
