【登录信息】
*76096b97a11da24418e1b57f7fbeb940*
`登陆天数: 541天 / 542天
等级: 133
石头: 3502
呼符: 286
体力: 1804.7033333333334 / 139
友情点: 150 / 89840820`
*連続ログイン2日目
※ログインが途切れるか、7日到達すると
1日目から再開されます*
`聖晶石 X 1
2月交換券(2024) X 1
`*「FGO カルデア・サテライトステーション 2023-2024」新潟会場開催記念 3万リポスト達成プレゼント*
*開催期間中、初回ログインで「聖晶石×6」をプレゼント！*
`聖晶石 X 6
`_2024-02-11 19:30:46_
--------
*76096b97a11da24418e1b57f7fbeb940*
`登陆天数: 41天 / 781天
等级: 108
石头: 141
呼符: 39
体力: 2482.1 / 129
友情点: 200 / 88859285`
*連続ログイン6日目
※ログインが途切れるか、7日到達すると
1日目から再開されます*
`聖晶石 X 2
2月交換券(2024) X 1
`*「FGO カルデア・サテライトステーション 2023-2024」新潟会場開催記念 3万リポスト達成プレゼント*
*開催期間中、初回ログインで「聖晶石×6」をプレゼント！*
`聖晶石 X 6
`_2024-02-11 19:30:54_
--------
