【登录信息】
*76096b97a11da24418e1b57f7fbeb940*
`登陆天数: 543天 / 544天
等级: 133
石头: 3502
呼符: 286
体力: 2380.6666666666665 / 139
友情点: 70 / 89840920`
*連続ログイン4日目
※ログインが途切れるか、7日到達すると
1日目から再開されます*
`聖晶石 X 1
2月交換券(2024) X 1
`*バレンタイン2024
開幕直前特別ログインボーナス*
*開催期間中、1日1回 最大7回ログインボーナスをプレゼント！*
`マナプリズム X 50
`_2024-02-13 19:30:34_
--------
*76096b97a11da24418e1b57f7fbeb940*
`登陆天数: 43天 / 783天
等级: 108
石头: 141
呼符: 39
体力: 3058.0633333333335 / 129
友情点: 160 / 88859705`
*連続ログイン1日目
※ログインが途切れるか、7日到達すると
1日目から再開されます*
`フレンドポイント X 2000
2月交換券(2024) X 1
`*バレンタイン2024
開幕直前特別ログインボーナス*
*開催期間中、1日1回 最大7回ログインボーナスをプレゼント！*
`マナプリズム X 50
`_2024-02-13 19:30:43_
--------
